D:\XAMPP\htdocs\TA\Frontend\PHPmkr\.htaccess
D:\XAMPP\htdocs\TA\Frontend\PHPmkr\api\.htaccess
D:\XAMPP\htdocs\TA\Frontend\PHPmkr\api\index.php
D:\XAMPP\htdocs\TA\Frontend\PHPmkr\composer.json
D:\XAMPP\htdocs\TA\Frontend\PHPmkr\controllers\ApiController.php
D:\XAMPP\htdocs\TA\Frontend\PHPmkr\controllers\ControllerBase.php
D:\XAMPP\htdocs\TA\Frontend\PHPmkr\controllers\OthersController.php
D:\XAMPP\htdocs\TA\Frontend\PHPmkr\controllers\UsersStController.php
D:\XAMPP\htdocs\TA\Frontend\PHPmkr\css\ewpdf.scss
D:\XAMPP\htdocs\TA\Frontend\PHPmkr\css\project2.scss
D:\XAMPP\htdocs\TA\Frontend\PHPmkr\css\query-builder.scss
D:\XAMPP\htdocs\TA\Frontend\PHPmkr\css\tabulator_bootstrap5.scss
D:\XAMPP\htdocs\TA\Frontend\PHPmkr\css\tempus-dominus.scss
D:\XAMPP\htdocs\TA\Frontend\PHPmkr\files\index.html
D:\XAMPP\htdocs\TA\Frontend\PHPmkr\index.php
D:\XAMPP\htdocs\TA\Frontend\PHPmkr\js\eweditor.js
D:\XAMPP\htdocs\TA\Frontend\PHPmkr\js\userevent.js
D:\XAMPP\htdocs\TA\Frontend\PHPmkr\js\userfn.js
D:\XAMPP\htdocs\TA\Frontend\PHPmkr\log\index.html
D:\XAMPP\htdocs\TA\Frontend\PHPmkr\models\DataSt.php
D:\XAMPP\htdocs\TA\Frontend\PHPmkr\models\UsersSt.php
D:\XAMPP\htdocs\TA\Frontend\PHPmkr\models\UsersStAdd.php
D:\XAMPP\htdocs\TA\Frontend\PHPmkr\models\UsersStDelete.php
D:\XAMPP\htdocs\TA\Frontend\PHPmkr\models\UsersStEdit.php
D:\XAMPP\htdocs\TA\Frontend\PHPmkr\models\UsersStList.php
D:\XAMPP\htdocs\TA\Frontend\PHPmkr\models\UsersStView.php
D:\XAMPP\htdocs\TA\Frontend\PHPmkr\package.json
D:\XAMPP\htdocs\TA\Frontend\PHPmkr\src\AbstractController.php
D:\XAMPP\htdocs\TA\Frontend\PHPmkr\src\AbstractEntity.php
D:\XAMPP\htdocs\TA\Frontend\PHPmkr\src\AbstractExport.php
D:\XAMPP\htdocs\TA\Frontend\PHPmkr\src\AbstractExportBase.php
D:\XAMPP\htdocs\TA\Frontend\PHPmkr\src\AbstractTwoFactorAuthentication.php
D:\XAMPP\htdocs\TA\Frontend\PHPmkr\src\AdvancedFilter.php
D:\XAMPP\htdocs\TA\Frontend\PHPmkr\src\AdvancedSearch.php
D:\XAMPP\htdocs\TA\Frontend\PHPmkr\src\AdvancedSecurity.php
D:\XAMPP\htdocs\TA\Frontend\PHPmkr\src\Allow.php
D:\XAMPP\htdocs\TA\Frontend\PHPmkr\src\ApiActionEvent.php
D:\XAMPP\htdocs\TA\Frontend\PHPmkr\src\ApiPermissionMiddleware.php
D:\XAMPP\htdocs\TA\Frontend\PHPmkr\src\Attributes.php
D:\XAMPP\htdocs\TA\Frontend\PHPmkr\src\Attributes\Delete.php
D:\XAMPP\htdocs\TA\Frontend\PHPmkr\src\Attributes\Get.php
D:\XAMPP\htdocs\TA\Frontend\PHPmkr\src\Attributes\Map.php
D:\XAMPP\htdocs\TA\Frontend\PHPmkr\src\Attributes\Options.php
D:\XAMPP\htdocs\TA\Frontend\PHPmkr\src\Attributes\Patch.php
D:\XAMPP\htdocs\TA\Frontend\PHPmkr\src\Attributes\Post.php
D:\XAMPP\htdocs\TA\Frontend\PHPmkr\src\Attributes\Put.php
D:\XAMPP\htdocs\TA\Frontend\PHPmkr\src\AuditTrailHandler.php
D:\XAMPP\htdocs\TA\Frontend\PHPmkr\src\AzureAD.php
D:\XAMPP\htdocs\TA\Frontend\PHPmkr\src\BasicSearch.php
D:\XAMPP\htdocs\TA\Frontend\PHPmkr\src\Breadcrumb.php
D:\XAMPP\htdocs\TA\Frontend\PHPmkr\src\BytesType.php
D:\XAMPP\htdocs\TA\Frontend\PHPmkr\src\CaptchaBase.php
D:\XAMPP\htdocs\TA\Frontend\PHPmkr\src\CaptchaInterface.php
D:\XAMPP\htdocs\TA\Frontend\PHPmkr\src\ChartExporter.php
D:\XAMPP\htdocs\TA\Frontend\PHPmkr\src\ChartJsRenderer.php
D:\XAMPP\htdocs\TA\Frontend\PHPmkr\src\ChartRendererInterface.php
D:\XAMPP\htdocs\TA\Frontend\PHPmkr\src\ChartTypes.php
D:\XAMPP\htdocs\TA\Frontend\PHPmkr\src\ConfigurationEvent.php
D:\XAMPP\htdocs\TA\Frontend\PHPmkr\src\ContainerBuildEvent.php
D:\XAMPP\htdocs\TA\Frontend\PHPmkr\src\CorsMiddleware.php
D:\XAMPP\htdocs\TA\Frontend\PHPmkr\src\CrosstabColumn.php
D:\XAMPP\htdocs\TA\Frontend\PHPmkr\src\CrosstabTable.php
D:\XAMPP\htdocs\TA\Frontend\PHPmkr\src\CustomUploadHandler.php
D:\XAMPP\htdocs\TA\Frontend\PHPmkr\src\DataType.php
D:\XAMPP\htdocs\TA\Frontend\PHPmkr\src\DatabaseConnectedEvent.php
D:\XAMPP\htdocs\TA\Frontend\PHPmkr\src\DatabaseConnectingEvent.php
D:\XAMPP\htdocs\TA\Frontend\PHPmkr\src\DbChart.php
D:\XAMPP\htdocs\TA\Frontend\PHPmkr\src\DbField.php
D:\XAMPP\htdocs\TA\Frontend\PHPmkr\src\DbTable.php
D:\XAMPP\htdocs\TA\Frontend\PHPmkr\src\DbTableBase.php
D:\XAMPP\htdocs\TA\Frontend\PHPmkr\src\DebugSqlLogger.php
D:\XAMPP\htdocs\TA\Frontend\PHPmkr\src\Email.php
D:\XAMPP\htdocs\TA\Frontend\PHPmkr\src\EmailTwoFactorAuthentication.php
D:\XAMPP\htdocs\TA\Frontend\PHPmkr\src\EntityDescriptor.php
D:\XAMPP\htdocs\TA\Frontend\PHPmkr\src\Entity\UsersSt.php
D:\XAMPP\htdocs\TA\Frontend\PHPmkr\src\ExportCsv.php
D:\XAMPP\htdocs\TA\Frontend\PHPmkr\src\ExportEmail.php
D:\XAMPP\htdocs\TA\Frontend\PHPmkr\src\ExportExcel.php
D:\XAMPP\htdocs\TA\Frontend\PHPmkr\src\ExportHandler.php
D:\XAMPP\htdocs\TA\Frontend\PHPmkr\src\ExportHtml.php
D:\XAMPP\htdocs\TA\Frontend\PHPmkr\src\ExportJson.php
D:\XAMPP\htdocs\TA\Frontend\PHPmkr\src\ExportPdf.php
D:\XAMPP\htdocs\TA\Frontend\PHPmkr\src\ExportWord.php
D:\XAMPP\htdocs\TA\Frontend\PHPmkr\src\ExportXml.php
D:\XAMPP\htdocs\TA\Frontend\PHPmkr\src\FileUploadHandler.php
D:\XAMPP\htdocs\TA\Frontend\PHPmkr\src\FileViewer.php
D:\XAMPP\htdocs\TA\Frontend\PHPmkr\src\ForceLogoutUserAction.php
D:\XAMPP\htdocs\TA\Frontend\PHPmkr\src\GeographyType.php
D:\XAMPP\htdocs\TA\Frontend\PHPmkr\src\GeometryType.php
D:\XAMPP\htdocs\TA\Frontend\PHPmkr\src\HierarchyIdType.php
D:\XAMPP\htdocs\TA\Frontend\PHPmkr\src\HttpErrorHandler.php
D:\XAMPP\htdocs\TA\Frontend\PHPmkr\src\HttpForm.php
D:\XAMPP\htdocs\TA\Frontend\PHPmkr\src\HttpServiceUnavailableException.php
D:\XAMPP\htdocs\TA\Frontend\PHPmkr\src\HttpSession.php
D:\XAMPP\htdocs\TA\Frontend\PHPmkr\src\HttpUpload.php
D:\XAMPP\htdocs\TA\Frontend\PHPmkr\src\JwtMiddleware.php
D:\XAMPP\htdocs\TA\Frontend\PHPmkr\src\Language.php
D:\XAMPP\htdocs\TA\Frontend\PHPmkr\src\LanguageLoadEvent.php
D:\XAMPP\htdocs\TA\Frontend\PHPmkr\src\LaravelSessionMiddleware.php
D:\XAMPP\htdocs\TA\Frontend\PHPmkr\src\LdapConn.php
D:\XAMPP\htdocs\TA\Frontend\PHPmkr\src\ListAction.php
D:\XAMPP\htdocs\TA\Frontend\PHPmkr\src\ListActions.php
D:\XAMPP\htdocs\TA\Frontend\PHPmkr\src\ListOption.php
D:\XAMPP\htdocs\TA\Frontend\PHPmkr\src\ListOptions.php
D:\XAMPP\htdocs\TA\Frontend\PHPmkr\src\ListOptionsArray.php
D:\XAMPP\htdocs\TA\Frontend\PHPmkr\src\LoginStatusEvent.php
D:\XAMPP\htdocs\TA\Frontend\PHPmkr\src\Lookup.php
D:\XAMPP\htdocs\TA\Frontend\PHPmkr\src\MaintenanceMiddleware.php
D:\XAMPP\htdocs\TA\Frontend\PHPmkr\src\Menu.php
D:\XAMPP\htdocs\TA\Frontend\PHPmkr\src\MenuItem.php
D:\XAMPP\htdocs\TA\Frontend\PHPmkr\src\MenuItemAddingEvent.php
D:\XAMPP\htdocs\TA\Frontend\PHPmkr\src\MenuRenderedEvent.php
D:\XAMPP\htdocs\TA\Frontend\PHPmkr\src\MenuRenderingEvent.php
D:\XAMPP\htdocs\TA\Frontend\PHPmkr\src\MessagesTrait.php
D:\XAMPP\htdocs\TA\Frontend\PHPmkr\src\NumericPager.php
D:\XAMPP\htdocs\TA\Frontend\PHPmkr\src\OptionValues.php
D:\XAMPP\htdocs\TA\Frontend\PHPmkr\src\PageLoadingEvent.php
D:\XAMPP\htdocs\TA\Frontend\PHPmkr\src\PageRenderingEvent.php
D:\XAMPP\htdocs\TA\Frontend\PHPmkr\src\PageUnloadedEvent.php
D:\XAMPP\htdocs\TA\Frontend\PHPmkr\src\Pager.php
D:\XAMPP\htdocs\TA\Frontend\PHPmkr\src\PagerItem.php
D:\XAMPP\htdocs\TA\Frontend\PHPmkr\src\PasswordHash.php
D:\XAMPP\htdocs\TA\Frontend\PHPmkr\src\PermissionMiddleware.php
D:\XAMPP\htdocs\TA\Frontend\PHPmkr\src\PhpEncryption.php
D:\XAMPP\htdocs\TA\Frontend\PHPmkr\src\PragmaRxTwoFactorAuthentication.php
D:\XAMPP\htdocs\TA\Frontend\PHPmkr\src\PrevNextPager.php
D:\XAMPP\htdocs\TA\Frontend\PHPmkr\src\PushNotification.php
D:\XAMPP\htdocs\TA\Frontend\PHPmkr\src\ReportField.php
D:\XAMPP\htdocs\TA\Frontend\PHPmkr\src\ReportTable.php
D:\XAMPP\htdocs\TA\Frontend\PHPmkr\src\ResendRegisterEmailAction.php
D:\XAMPP\htdocs\TA\Frontend\PHPmkr\src\ResetConcurrentUserAction.php
D:\XAMPP\htdocs\TA\Frontend\PHPmkr\src\ResetLoginRetryAction.php
D:\XAMPP\htdocs\TA\Frontend\PHPmkr\src\ResetUserSecretAction.php
D:\XAMPP\htdocs\TA\Frontend\PHPmkr\src\RouteActionEvent.php
D:\XAMPP\htdocs\TA\Frontend\PHPmkr\src\RouteAttributes.php
D:\XAMPP\htdocs\TA\Frontend\PHPmkr\src\RowSummary.php
D:\XAMPP\htdocs\TA\Frontend\PHPmkr\src\RowTotal.php
D:\XAMPP\htdocs\TA\Frontend\PHPmkr\src\RowType.php
D:\XAMPP\htdocs\TA\Frontend\PHPmkr\src\Saml2.php
D:\XAMPP\htdocs\TA\Frontend\PHPmkr\src\SessionHandler.php
D:\XAMPP\htdocs\TA\Frontend\PHPmkr\src\SetPasswordExpiredAction.php
D:\XAMPP\htdocs\TA\Frontend\PHPmkr\src\Sms.php
D:\XAMPP\htdocs\TA\Frontend\PHPmkr\src\SmsTwoFactorAuthentication.php
D:\XAMPP\htdocs\TA\Frontend\PHPmkr\src\SsoStateSessionStore.php
D:\XAMPP\htdocs\TA\Frontend\PHPmkr\src\SubPage.php
D:\XAMPP\htdocs\TA\Frontend\PHPmkr\src\SubPages.php
D:\XAMPP\htdocs\TA\Frontend\PHPmkr\src\SummaryField.php
D:\XAMPP\htdocs\TA\Frontend\PHPmkr\src\Timer.php
D:\XAMPP\htdocs\TA\Frontend\PHPmkr\src\TwoFactorAuthenticationInterface.php
D:\XAMPP\htdocs\TA\Frontend\PHPmkr\src\UploadHandler.php
D:\XAMPP\htdocs\TA\Frontend\PHPmkr\src\UserProfile.php
D:\XAMPP\htdocs\TA\Frontend\PHPmkr\src\XmlDocument.php
D:\XAMPP\htdocs\TA\Frontend\PHPmkr\src\apiroutes.php
D:\XAMPP\htdocs\TA\Frontend\PHPmkr\src\config.development.php
D:\XAMPP\htdocs\TA\Frontend\PHPmkr\src\config.php
D:\XAMPP\htdocs\TA\Frontend\PHPmkr\src\config.production.php
D:\XAMPP\htdocs\TA\Frontend\PHPmkr\src\constants.php
D:\XAMPP\htdocs\TA\Frontend\PHPmkr\src\definitions.php
D:\XAMPP\htdocs\TA\Frontend\PHPmkr\src\phpfn.php
D:\XAMPP\htdocs\TA\Frontend\PHPmkr\src\routes.php
D:\XAMPP\htdocs\TA\Frontend\PHPmkr\src\userfn.php
D:\XAMPP\htdocs\TA\Frontend\PHPmkr\src\userlevelsettings.php
D:\XAMPP\htdocs\TA\Frontend\PHPmkr\views\Error.php
D:\XAMPP\htdocs\TA\Frontend\PHPmkr\views\UsersStAdd.php
D:\XAMPP\htdocs\TA\Frontend\PHPmkr\views\UsersStDelete.php
D:\XAMPP\htdocs\TA\Frontend\PHPmkr\views\UsersStEdit.php
D:\XAMPP\htdocs\TA\Frontend\PHPmkr\views\UsersStList.php
D:\XAMPP\htdocs\TA\Frontend\PHPmkr\views\UsersStView.php
D:\XAMPP\htdocs\TA\Frontend\PHPmkr\views\email.php
D:\XAMPP\htdocs\TA\Frontend\PHPmkr\views\layout.php
D:\XAMPP\htdocs\TA\Frontend\PHPmkr\views\menu.php
D:\XAMPP\htdocs\TA\Frontend\PHPmkr\views\swagger.php
D:\XAMPP\htdocs\TA\Frontend\PHPmkr\web.config